<?xml version="1.0" encoding="UTF-8"?>
<!-- Generated by org.testng.reporters.JUnitReportReporter -->
<testsuite hostname="DESKTOP-SJ9UUPR" name="ScaffoldAPI.APIValidation.AppTest" tests="1" failures="0" timestamp="13 Apr 2022 16:16:02 GMT" time="0.000" errors="0">
  <testcase name="testApp" time="0.000" classname="ScaffoldAPI.APIValidation.AppTest"/>
</testsuite> <!-- ScaffoldAPI.APIValidation.AppTest -->
